<?xml version="1.0" encoding="UTF-8"?>
<!-- Generated by org.testng.reporters.JUnitReportReporter -->
<testsuite hostname="USER-HP" name="com.sirsidynix.prokarma.laureano_test.Tests" tests="1" failures="0" timestamp="1 Jul 2016 03:22:46 GMT" time="49.588" errors="0">
  <testcase name="search" time="49.588" classname="com.sirsidynix.prokarma.laureano_test.Tests"/>
</testsuite> <!-- com.sirsidynix.prokarma.laureano_test.Tests -->
